<?xml version="1.0" encoding="UTF-8"?>
<testsuite xmlns:xsi="http://www.w3.org/2001/XMLSchema-instance" xsi:noNamespaceSchemaLocation="https://maven.apache.org/surefire/maven-surefire-plugin/xsd/surefire-test-report.xsd" version="3.0.2" name="As a Amazon user I should be able to login and logout with valid credentials #2" time="19.01" tests="1" errors="0" skipped="0" failures="0">
  <properties>
[...]
</properties>
  <testcase name="Login into the application with valid credentials1" classname="As a Amazon user I should be able to login and logout with valid credentials #2" time="19.01">
    <system-out><![CDATA[
@feature2
Scenario: Login into the application with valid credentials1   # src/test/resources/features/login2.feature:4
within text context constructor start
within login page constructor
in hooks constructor
within text context constructor end
in hooks constructor
Thread id =19scenario Login into the application with valid credentials1
in hooks before tag

    Starting test scenario

within text login step before creating login page obj
within text login step
Enter some number to after captha resolved
  Given I am on the Login page URL "https://www.flipkart.com/" # stepDef.LoginSteps.i_am_on_the_login_page_url(java.lang.String)
Test Case : Passed
In Tear down method
]]></system-out>
    <system-err><![CDATA[[pool-3-thread-2] INFO io.github.bonigarcia.wdm.WebDriverManager - Using chromedriver 133.0.6943.141 (resolved driver for Chrome 133)
[pool-3-thread-2] INFO io.github.bonigarcia.wdm.WebDriverManager - Exporting webdriver.chrome.driver as C:\Users\Admin\.cache\selenium\chromedriver\win64\133.0.6943.141\chromedriver.exe
Mar 06, 2025 2:50:10 PM org.openqa.selenium.devtools.CdpVersionFinder findNearestMatch
WARNING: Unable to find an exact match for CDP version 133, returning the closest version; found: 132; Please update to a Selenium version that supports CDP version 133
]]></system-err>
  </testcase>
</testsuite>